CRITICAL - 2022-03-21 01:02:16 --> Call to a member function where() on array
#0 C:\xampp\htdocs\UkomKasir\system\CodeIgniter.php(824): App\Controllers\Order->index()
#1 C:\xampp\htdocs\UkomKasir\system\CodeIgniter.php(410): CodeIgniter\CodeIgniter->runController(Object(App\Controllers\Order))
#2 C:\xampp\htdocs\UkomKasir\system\CodeIgniter.php(318): CodeIgniter\CodeIgniter->handleRequest(NULL, Object(Config\Cache), false)
#3 C:\xampp\htdocs\UkomKasir\public\index.php(37): CodeIgniter\CodeIgniter->run()
#4 C:\xampp\htdocs\UkomKasir\system\Commands\Server\rewrite.php(43): require_once('C:\\xampp\\htdocs...')
#5 {main}
CRITICAL - 2022-03-21 01:16:01 --> Allowed fields must be specified for model: App\Models\TransaksiModel
#0 C:\xampp\htdocs\UkomKasir\system\BaseModel.php(1138): CodeIgniter\Database\Exceptions\DataException::forInvalidAllowedFields('App\\Models\\Tran...')
#1 C:\xampp\htdocs\UkomKasir\system\BaseModel.php(713): CodeIgniter\BaseModel->doProtectFields(Array)
#2 C:\xampp\htdocs\UkomKasir\system\Model.php(620): CodeIgniter\BaseModel->insert(Array, true)
#3 C:\xampp\htdocs\UkomKasir\app\Controllers\Order.php(132): CodeIgniter\Model->insert(Array)
#4 C:\xampp\htdocs\UkomKasir\system\CodeIgniter.php(824): App\Controllers\Order->bayar()
#5 C:\xampp\htdocs\UkomKasir\system\CodeIgniter.php(410): CodeIgniter\CodeIgniter->runController(Object(App\Controllers\Order))
#6 C:\xampp\htdocs\UkomKasir\system\CodeIgniter.php(318): CodeIgniter\CodeIgniter->handleRequest(NULL, Object(Config\Cache), false)
#7 C:\xampp\htdocs\UkomKasir\public\index.php(37): CodeIgniter\CodeIgniter->run()
#8 C:\xampp\htdocs\UkomKasir\system\Commands\Server\rewrite.php(43): require_once('C:\\xampp\\htdocs...')
#9 {main}
ERROR - 2022-03-21 01:16:49 --> Column 'id_order' cannot be null
CRITICAL - 2022-03-21 01:16:49 --> Column 'id_order' cannot be null
#0 C:\xampp\htdocs\UkomKasir\system\Database\MySQLi\Connection.php(292): mysqli->query('INSERT INTO `tr...', 0)
#1 C:\xampp\htdocs\UkomKasir\system\Database\BaseConnection.php(670): CodeIgniter\Database\MySQLi\Connection->execute('INSERT INTO `tr...')
#2 C:\xampp\htdocs\UkomKasir\system\Database\BaseConnection.php(598): CodeIgniter\Database\BaseConnection->simpleQuery('INSERT INTO `tr...')
#3 C:\xampp\htdocs\UkomKasir\system\Database\BaseBuilder.php(1759): CodeIgniter\Database\BaseConnection->query('INSERT INTO `tr...', Array, false)
#4 C:\xampp\htdocs\UkomKasir\system\Model.php(239): CodeIgniter\Database\BaseBuilder->insert()
#5 C:\xampp\htdocs\UkomKasir\system\BaseModel.php(738): CodeIgniter\Model->doInsert(Array)
#6 C:\xampp\htdocs\UkomKasir\system\Model.php(620): CodeIgniter\BaseModel->insert(Array, true)
#7 C:\xampp\htdocs\UkomKasir\app\Controllers\Order.php(132): CodeIgniter\Model->insert(Array)
#8 C:\xampp\htdocs\UkomKasir\system\CodeIgniter.php(824): App\Controllers\Order->bayar()
#9 C:\xampp\htdocs\UkomKasir\system\CodeIgniter.php(410): CodeIgniter\CodeIgniter->runController(Object(App\Controllers\Order))
#10 C:\xampp\htdocs\UkomKasir\system\CodeIgniter.php(318): CodeIgniter\CodeIgniter->handleRequest(NULL, Object(Config\Cache), false)
#11 C:\xampp\htdocs\UkomKasir\public\index.php(37): CodeIgniter\CodeIgniter->run()
#12 C:\xampp\htdocs\UkomKasir\system\Commands\Server\rewrite.php(43): require_once('C:\\xampp\\htdocs...')
#13 {main}
ERROR - 2022-03-21 01:17:58 --> Column 'id_order' cannot be null
CRITICAL - 2022-03-21 01:17:58 --> Column 'id_order' cannot be null
#0 C:\xampp\htdocs\UkomKasir\system\Database\MySQLi\Connection.php(292): mysqli->query('INSERT INTO `tr...', 0)
#1 C:\xampp\htdocs\UkomKasir\system\Database\BaseConnection.php(670): CodeIgniter\Database\MySQLi\Connection->execute('INSERT INTO `tr...')
#2 C:\xampp\htdocs\UkomKasir\system\Database\BaseConnection.php(598): CodeIgniter\Database\BaseConnection->simpleQuery('INSERT INTO `tr...')
#3 C:\xampp\htdocs\UkomKasir\system\Database\BaseBuilder.php(1759): CodeIgniter\Database\BaseConnection->query('INSERT INTO `tr...', Array, false)
#4 C:\xampp\htdocs\UkomKasir\system\Model.php(239): CodeIgniter\Database\BaseBuilder->insert()
#5 C:\xampp\htdocs\UkomKasir\system\BaseModel.php(738): CodeIgniter\Model->doInsert(Array)
#6 C:\xampp\htdocs\UkomKasir\system\Model.php(620): CodeIgniter\BaseModel->insert(Array, true)
#7 C:\xampp\htdocs\UkomKasir\app\Controllers\Order.php(132): CodeIgniter\Model->insert(Array)
#8 C:\xampp\htdocs\UkomKasir\system\CodeIgniter.php(824): App\Controllers\Order->bayar()
#9 C:\xampp\htdocs\UkomKasir\system\CodeIgniter.php(410): CodeIgniter\CodeIgniter->runController(Object(App\Controllers\Order))
#10 C:\xampp\htdocs\UkomKasir\system\CodeIgniter.php(318): CodeIgniter\CodeIgniter->handleRequest(NULL, Object(Config\Cache), false)
#11 C:\xampp\htdocs\UkomKasir\public\index.php(37): CodeIgniter\CodeIgniter->run()
#12 C:\xampp\htdocs\UkomKasir\system\Commands\Server\rewrite.php(43): require_once('C:\\xampp\\htdocs...')
#13 {main}
ERROR - 2022-03-21 01:19:17 --> Column 'id_order' cannot be null
CRITICAL - 2022-03-21 01:19:17 --> Column 'id_order' cannot be null
#0 C:\xampp\htdocs\UkomKasir\system\Database\MySQLi\Connection.php(292): mysqli->query('INSERT INTO `tr...', 0)
#1 C:\xampp\htdocs\UkomKasir\system\Database\BaseConnection.php(670): CodeIgniter\Database\MySQLi\Connection->execute('INSERT INTO `tr...')
#2 C:\xampp\htdocs\UkomKasir\system\Database\BaseConnection.php(598): CodeIgniter\Database\BaseConnection->simpleQuery('INSERT INTO `tr...')
#3 C:\xampp\htdocs\UkomKasir\system\Database\BaseBuilder.php(1759): CodeIgniter\Database\BaseConnection->query('INSERT INTO `tr...', Array, false)
#4 C:\xampp\htdocs\UkomKasir\system\Model.php(239): CodeIgniter\Database\BaseBuilder->insert()
#5 C:\xampp\htdocs\UkomKasir\system\BaseModel.php(738): CodeIgniter\Model->doInsert(Array)
#6 C:\xampp\htdocs\UkomKasir\system\Model.php(620): CodeIgniter\BaseModel->insert(Array, true)
#7 C:\xampp\htdocs\UkomKasir\app\Controllers\Order.php(132): CodeIgniter\Model->insert(Array)
#8 C:\xampp\htdocs\UkomKasir\system\CodeIgniter.php(824): App\Controllers\Order->bayar()
#9 C:\xampp\htdocs\UkomKasir\system\CodeIgniter.php(410): CodeIgniter\CodeIgniter->runController(Object(App\Controllers\Order))
#10 C:\xampp\htdocs\UkomKasir\system\CodeIgniter.php(318): CodeIgniter\CodeIgniter->handleRequest(NULL, Object(Config\Cache), false)
#11 C:\xampp\htdocs\UkomKasir\public\index.php(37): CodeIgniter\CodeIgniter->run()
#12 C:\xampp\htdocs\UkomKasir\system\Commands\Server\rewrite.php(43): require_once('C:\\xampp\\htdocs...')
#13 {main}
ERROR - 2022-03-21 01:20:42 --> Column 'id_order' cannot be null
CRITICAL - 2022-03-21 01:20:42 --> Column 'id_order' cannot be null
#0 C:\xampp\htdocs\UkomKasir\system\Database\MySQLi\Connection.php(292): mysqli->query('INSERT INTO `tr...', 0)
#1 C:\xampp\htdocs\UkomKasir\system\Database\BaseConnection.php(670): CodeIgniter\Database\MySQLi\Connection->execute('INSERT INTO `tr...')
#2 C:\xampp\htdocs\UkomKasir\system\Database\BaseConnection.php(598): CodeIgniter\Database\BaseConnection->simpleQuery('INSERT INTO `tr...')
#3 C:\xampp\htdocs\UkomKasir\system\Database\BaseBuilder.php(1759): CodeIgniter\Database\BaseConnection->query('INSERT INTO `tr...', Array, false)
#4 C:\xampp\htdocs\UkomKasir\system\Model.php(239): CodeIgniter\Database\BaseBuilder->insert()
#5 C:\xampp\htdocs\UkomKasir\system\BaseModel.php(738): CodeIgniter\Model->doInsert(Array)
#6 C:\xampp\htdocs\UkomKasir\system\Model.php(620): CodeIgniter\BaseModel->insert(Array, true)
#7 C:\xampp\htdocs\UkomKasir\app\Controllers\Order.php(132): CodeIgniter\Model->insert(Array)
#8 C:\xampp\htdocs\UkomKasir\system\CodeIgniter.php(824): App\Controllers\Order->bayar()
#9 C:\xampp\htdocs\UkomKasir\system\CodeIgniter.php(410): CodeIgniter\CodeIgniter->runController(Object(App\Controllers\Order))
#10 C:\xampp\htdocs\UkomKasir\system\CodeIgniter.php(318): CodeIgniter\CodeIgniter->handleRequest(NULL, Object(Config\Cache), false)
#11 C:\xampp\htdocs\UkomKasir\public\index.php(37): CodeIgniter\CodeIgniter->run()
#12 C:\xampp\htdocs\UkomKasir\system\Commands\Server\rewrite.php(43): require_once('C:\\xampp\\htdocs...')
#13 {main}
ERROR - 2022-03-21 01:20:49 --> Cannot add or update a child row: a foreign key constraint fails (`krakatoa`.`transaksi`, CONSTRAINT `transaksi_ibfk_1` FOREIGN KEY (`id_user`) REFERENCES `user` (`id_user`) ON DELETE CASCADE ON UPDATE CASCADE)
CRITICAL - 2022-03-21 01:20:49 --> Cannot add or update a child row: a foreign key constraint fails (`krakatoa`.`transaksi`, CONSTRAINT `transaksi_ibfk_1` FOREIGN KEY (`id_user`) REFERENCES `user` (`id_user`) ON DELETE CASCADE ON UPDATE CASCADE)
#0 C:\xampp\htdocs\UkomKasir\system\Database\MySQLi\Connection.php(292): mysqli->query('INSERT INTO `tr...', 0)
#1 C:\xampp\htdocs\UkomKasir\system\Database\BaseConnection.php(670): CodeIgniter\Database\MySQLi\Connection->execute('INSERT INTO `tr...')
#2 C:\xampp\htdocs\UkomKasir\system\Database\BaseConnection.php(598): CodeIgniter\Database\BaseConnection->simpleQuery('INSERT INTO `tr...')
#3 C:\xampp\htdocs\UkomKasir\system\Database\BaseBuilder.php(1759): CodeIgniter\Database\BaseConnection->query('INSERT INTO `tr...', Array, false)
#4 C:\xampp\htdocs\UkomKasir\system\Model.php(239): CodeIgniter\Database\BaseBuilder->insert()
#5 C:\xampp\htdocs\UkomKasir\system\BaseModel.php(738): CodeIgniter\Model->doInsert(Array)
#6 C:\xampp\htdocs\UkomKasir\system\Model.php(620): CodeIgniter\BaseModel->insert(Array, true)
#7 C:\xampp\htdocs\UkomKasir\app\Controllers\Order.php(132): CodeIgniter\Model->insert(Array)
#8 C:\xampp\htdocs\UkomKasir\system\CodeIgniter.php(824): App\Controllers\Order->bayar()
#9 C:\xampp\htdocs\UkomKasir\system\CodeIgniter.php(410): CodeIgniter\CodeIgniter->runController(Object(App\Controllers\Order))
#10 C:\xampp\htdocs\UkomKasir\system\CodeIgniter.php(318): CodeIgniter\CodeIgniter->handleRequest(NULL, Object(Config\Cache), false)
#11 C:\xampp\htdocs\UkomKasir\public\index.php(37): CodeIgniter\CodeIgniter->run()
#12 C:\xampp\htdocs\UkomKasir\system\Commands\Server\rewrite.php(43): require_once('C:\\xampp\\htdocs...')
#13 {main}
ERROR - 2022-03-21 01:22:01 --> Cannot add or update a child row: a foreign key constraint fails (`krakatoa`.`transaksi`, CONSTRAINT `transaksi_ibfk_1` FOREIGN KEY (`id_user`) REFERENCES `user` (`id_user`) ON DELETE CASCADE ON UPDATE CASCADE)
CRITICAL - 2022-03-21 01:22:01 --> Cannot add or update a child row: a foreign key constraint fails (`krakatoa`.`transaksi`, CONSTRAINT `transaksi_ibfk_1` FOREIGN KEY (`id_user`) REFERENCES `user` (`id_user`) ON DELETE CASCADE ON UPDATE CASCADE)
#0 C:\xampp\htdocs\UkomKasir\system\Database\MySQLi\Connection.php(292): mysqli->query('INSERT INTO `tr...', 0)
#1 C:\xampp\htdocs\UkomKasir\system\Database\BaseConnection.php(670): CodeIgniter\Database\MySQLi\Connection->execute('INSERT INTO `tr...')
#2 C:\xampp\htdocs\UkomKasir\system\Database\BaseConnection.php(598): CodeIgniter\Database\BaseConnection->simpleQuery('INSERT INTO `tr...')
#3 C:\xampp\htdocs\UkomKasir\system\Database\BaseBuilder.php(1759): CodeIgniter\Database\BaseConnection->query('INSERT INTO `tr...', Array, false)
#4 C:\xampp\htdocs\UkomKasir\system\Model.php(239): CodeIgniter\Database\BaseBuilder->insert()
#5 C:\xampp\htdocs\UkomKasir\system\BaseModel.php(738): CodeIgniter\Model->doInsert(Array)
#6 C:\xampp\htdocs\UkomKasir\system\Model.php(620): CodeIgniter\BaseModel->insert(Array, true)
#7 C:\xampp\htdocs\UkomKasir\app\Controllers\Order.php(132): CodeIgniter\Model->insert(Array)
#8 C:\xampp\htdocs\UkomKasir\system\CodeIgniter.php(824): App\Controllers\Order->bayar()
#9 C:\xampp\htdocs\UkomKasir\system\CodeIgniter.php(410): CodeIgniter\CodeIgniter->runController(Object(App\Controllers\Order))
#10 C:\xampp\htdocs\UkomKasir\system\CodeIgniter.php(318): CodeIgniter\CodeIgniter->handleRequest(NULL, Object(Config\Cache), false)
#11 C:\xampp\htdocs\UkomKasir\public\index.php(37): CodeIgniter\CodeIgniter->run()
#12 C:\xampp\htdocs\UkomKasir\system\Commands\Server\rewrite.php(43): require_once('C:\\xampp\\htdocs...')
#13 {main}
ERROR - 2022-03-21 01:23:38 --> Cannot add or update a child row: a foreign key constraint fails (`krakatoa`.`transaksi`, CONSTRAINT `transaksi_ibfk_1` FOREIGN KEY (`id_user`) REFERENCES `user` (`id_user`) ON DELETE CASCADE ON UPDATE CASCADE)
CRITICAL - 2022-03-21 01:23:38 --> Cannot add or update a child row: a foreign key constraint fails (`krakatoa`.`transaksi`, CONSTRAINT `transaksi_ibfk_1` FOREIGN KEY (`id_user`) REFERENCES `user` (`id_user`) ON DELETE CASCADE ON UPDATE CASCADE)
#0 C:\xampp\htdocs\UkomKasir\system\Database\MySQLi\Connection.php(292): mysqli->query('INSERT INTO `tr...', 0)
#1 C:\xampp\htdocs\UkomKasir\system\Database\BaseConnection.php(670): CodeIgniter\Database\MySQLi\Connection->execute('INSERT INTO `tr...')
#2 C:\xampp\htdocs\UkomKasir\system\Database\BaseConnection.php(598): CodeIgniter\Database\BaseConnection->simpleQuery('INSERT INTO `tr...')
#3 C:\xampp\htdocs\UkomKasir\system\Database\BaseBuilder.php(1759): CodeIgniter\Database\BaseConnection->query('INSERT INTO `tr...', Array, false)
#4 C:\xampp\htdocs\UkomKasir\system\Model.php(239): CodeIgniter\Database\BaseBuilder->insert()
#5 C:\xampp\htdocs\UkomKasir\system\BaseModel.php(738): CodeIgniter\Model->doInsert(Array)
#6 C:\xampp\htdocs\UkomKasir\system\Model.php(620): CodeIgniter\BaseModel->insert(Array, true)
#7 C:\xampp\htdocs\UkomKasir\app\Controllers\Order.php(132): CodeIgniter\Model->insert(Array)
#8 C:\xampp\htdocs\UkomKasir\system\CodeIgniter.php(824): App\Controllers\Order->bayar()
#9 C:\xampp\htdocs\UkomKasir\system\CodeIgniter.php(410): CodeIgniter\CodeIgniter->runController(Object(App\Controllers\Order))
#10 C:\xampp\htdocs\UkomKasir\system\CodeIgniter.php(318): CodeIgniter\CodeIgniter->handleRequest(NULL, Object(Config\Cache), false)
#11 C:\xampp\htdocs\UkomKasir\public\index.php(37): CodeIgniter\CodeIgniter->run()
#12 C:\xampp\htdocs\UkomKasir\system\Commands\Server\rewrite.php(43): require_once('C:\\xampp\\htdocs...')
#13 {main}
ERROR - 2022-03-21 01:24:54 --> Cannot add or update a child row: a foreign key constraint fails (`krakatoa`.`transaksi`, CONSTRAINT `transaksi_ibfk_1` FOREIGN KEY (`id_user`) REFERENCES `user` (`id_user`) ON DELETE CASCADE ON UPDATE CASCADE)
CRITICAL - 2022-03-21 01:24:54 --> Cannot add or update a child row: a foreign key constraint fails (`krakatoa`.`transaksi`, CONSTRAINT `transaksi_ibfk_1` FOREIGN KEY (`id_user`) REFERENCES `user` (`id_user`) ON DELETE CASCADE ON UPDATE CASCADE)
#0 C:\xampp\htdocs\UkomKasir\system\Database\MySQLi\Connection.php(292): mysqli->query('INSERT INTO `tr...', 0)
#1 C:\xampp\htdocs\UkomKasir\system\Database\BaseConnection.php(670): CodeIgniter\Database\MySQLi\Connection->execute('INSERT INTO `tr...')
#2 C:\xampp\htdocs\UkomKasir\system\Database\BaseConnection.php(598): CodeIgniter\Database\BaseConnection->simpleQuery('INSERT INTO `tr...')
#3 C:\xampp\htdocs\UkomKasir\system\Database\BaseBuilder.php(1759): CodeIgniter\Database\BaseConnection->query('INSERT INTO `tr...', Array, false)
#4 C:\xampp\htdocs\UkomKasir\system\Model.php(239): CodeIgniter\Database\BaseBuilder->insert()
#5 C:\xampp\htdocs\UkomKasir\system\BaseModel.php(738): CodeIgniter\Model->doInsert(Array)
#6 C:\xampp\htdocs\UkomKasir\system\Model.php(620): CodeIgniter\BaseModel->insert(Array, true)
#7 C:\xampp\htdocs\UkomKasir\app\Controllers\Order.php(132): CodeIgniter\Model->insert(Array)
#8 C:\xampp\htdocs\UkomKasir\system\CodeIgniter.php(824): App\Controllers\Order->bayar()
#9 C:\xampp\htdocs\UkomKasir\system\CodeIgniter.php(410): CodeIgniter\CodeIgniter->runController(Object(App\Controllers\Order))
#10 C:\xampp\htdocs\UkomKasir\system\CodeIgniter.php(318): CodeIgniter\CodeIgniter->handleRequest(NULL, Object(Config\Cache), false)
#11 C:\xampp\htdocs\UkomKasir\public\index.php(37): CodeIgniter\CodeIgniter->run()
#12 C:\xampp\htdocs\UkomKasir\system\Commands\Server\rewrite.php(43): require_once('C:\\xampp\\htdocs...')
#13 {main}
ERROR - 2022-03-21 01:25:12 --> Cannot add or update a child row: a foreign key constraint fails (`krakatoa`.`transaksi`, CONSTRAINT `transaksi_ibfk_1` FOREIGN KEY (`id_user`) REFERENCES `user` (`id_user`) ON DELETE CASCADE ON UPDATE CASCADE)
CRITICAL - 2022-03-21 01:25:12 --> Cannot add or update a child row: a foreign key constraint fails (`krakatoa`.`transaksi`, CONSTRAINT `transaksi_ibfk_1` FOREIGN KEY (`id_user`) REFERENCES `user` (`id_user`) ON DELETE CASCADE ON UPDATE CASCADE)
#0 C:\xampp\htdocs\UkomKasir\system\Database\MySQLi\Connection.php(292): mysqli->query('INSERT INTO `tr...', 0)
#1 C:\xampp\htdocs\UkomKasir\system\Database\BaseConnection.php(670): CodeIgniter\Database\MySQLi\Connection->execute('INSERT INTO `tr...')
#2 C:\xampp\htdocs\UkomKasir\system\Database\BaseConnection.php(598): CodeIgniter\Database\BaseConnection->simpleQuery('INSERT INTO `tr...')
#3 C:\xampp\htdocs\UkomKasir\system\Database\BaseBuilder.php(1759): CodeIgniter\Database\BaseConnection->query('INSERT INTO `tr...', Array, false)
#4 C:\xampp\htdocs\UkomKasir\system\Model.php(239): CodeIgniter\Database\BaseBuilder->insert()
#5 C:\xampp\htdocs\UkomKasir\system\BaseModel.php(738): CodeIgniter\Model->doInsert(Array)
#6 C:\xampp\htdocs\UkomKasir\system\Model.php(620): CodeIgniter\BaseModel->insert(Array, true)
#7 C:\xampp\htdocs\UkomKasir\app\Controllers\Order.php(132): CodeIgniter\Model->insert(Array)
#8 C:\xampp\htdocs\UkomKasir\system\CodeIgniter.php(824): App\Controllers\Order->bayar()
#9 C:\xampp\htdocs\UkomKasir\system\CodeIgniter.php(410): CodeIgniter\CodeIgniter->runController(Object(App\Controllers\Order))
#10 C:\xampp\htdocs\UkomKasir\system\CodeIgniter.php(318): CodeIgniter\CodeIgniter->handleRequest(NULL, Object(Config\Cache), false)
#11 C:\xampp\htdocs\UkomKasir\public\index.php(37): CodeIgniter\CodeIgniter->run()
#12 C:\xampp\htdocs\UkomKasir\system\Commands\Server\rewrite.php(43): require_once('C:\\xampp\\htdocs...')
#13 {main}
ERROR - 2022-03-21 01:26:07 --> Cannot add or update a child row: a foreign key constraint fails (`krakatoa`.`transaksi`, CONSTRAINT `transaksi_ibfk_1` FOREIGN KEY (`id_user`) REFERENCES `user` (`id_user`) ON DELETE CASCADE ON UPDATE CASCADE)
CRITICAL - 2022-03-21 01:26:07 --> Cannot add or update a child row: a foreign key constraint fails (`krakatoa`.`transaksi`, CONSTRAINT `transaksi_ibfk_1` FOREIGN KEY (`id_user`) REFERENCES `user` (`id_user`) ON DELETE CASCADE ON UPDATE CASCADE)
#0 C:\xampp\htdocs\UkomKasir\system\Database\MySQLi\Connection.php(292): mysqli->query('INSERT INTO `tr...', 0)
#1 C:\xampp\htdocs\UkomKasir\system\Database\BaseConnection.php(670): CodeIgniter\Database\MySQLi\Connection->execute('INSERT INTO `tr...')
#2 C:\xampp\htdocs\UkomKasir\system\Database\BaseConnection.php(598): CodeIgniter\Database\BaseConnection->simpleQuery('INSERT INTO `tr...')
#3 C:\xampp\htdocs\UkomKasir\system\Database\BaseBuilder.php(1759): CodeIgniter\Database\BaseConnection->query('INSERT INTO `tr...', Array, false)
#4 C:\xampp\htdocs\UkomKasir\system\Model.php(239): CodeIgniter\Database\BaseBuilder->insert()
#5 C:\xampp\htdocs\UkomKasir\system\BaseModel.php(738): CodeIgniter\Model->doInsert(Array)
#6 C:\xampp\htdocs\UkomKasir\system\Model.php(620): CodeIgniter\BaseModel->insert(Array, true)
#7 C:\xampp\htdocs\UkomKasir\app\Controllers\Order.php(131): CodeIgniter\Model->insert(Array)
#8 C:\xampp\htdocs\UkomKasir\system\CodeIgniter.php(824): App\Controllers\Order->bayar()
#9 C:\xampp\htdocs\UkomKasir\system\CodeIgniter.php(410): CodeIgniter\CodeIgniter->runController(Object(App\Controllers\Order))
#10 C:\xampp\htdocs\UkomKasir\system\CodeIgniter.php(318): CodeIgniter\CodeIgniter->handleRequest(NULL, Object(Config\Cache), false)
#11 C:\xampp\htdocs\UkomKasir\public\index.php(37): CodeIgniter\CodeIgniter->run()
#12 C:\xampp\htdocs\UkomKasir\system\Commands\Server\rewrite.php(43): require_once('C:\\xampp\\htdocs...')
#13 {main}
ERROR - 2022-03-21 01:29:23 --> Cannot add or update a child row: a foreign key constraint fails (`krakatoa`.`transaksi`, CONSTRAINT `transaksi_ibfk_1` FOREIGN KEY (`id_user`) REFERENCES `user` (`id_user`) ON DELETE CASCADE ON UPDATE CASCADE)
CRITICAL - 2022-03-21 01:29:23 --> Cannot add or update a child row: a foreign key constraint fails (`krakatoa`.`transaksi`, CONSTRAINT `transaksi_ibfk_1` FOREIGN KEY (`id_user`) REFERENCES `user` (`id_user`) ON DELETE CASCADE ON UPDATE CASCADE)
#0 C:\xampp\htdocs\UkomKasir\system\Database\MySQLi\Connection.php(292): mysqli->query('INSERT INTO `tr...', 0)
#1 C:\xampp\htdocs\UkomKasir\system\Database\BaseConnection.php(670): CodeIgniter\Database\MySQLi\Connection->execute('INSERT INTO `tr...')
#2 C:\xampp\htdocs\UkomKasir\system\Database\BaseConnection.php(598): CodeIgniter\Database\BaseConnection->simpleQuery('INSERT INTO `tr...')
#3 C:\xampp\htdocs\UkomKasir\system\Database\BaseBuilder.php(1759): CodeIgniter\Database\BaseConnection->query('INSERT INTO `tr...', Array, false)
#4 C:\xampp\htdocs\UkomKasir\system\Model.php(239): CodeIgniter\Database\BaseBuilder->insert()
#5 C:\xampp\htdocs\UkomKasir\system\BaseModel.php(738): CodeIgniter\Model->doInsert(Array)
#6 C:\xampp\htdocs\UkomKasir\system\Model.php(620): CodeIgniter\BaseModel->insert(Array, true)
#7 C:\xampp\htdocs\UkomKasir\app\Controllers\Order.php(131): CodeIgniter\Model->insert(Array)
#8 C:\xampp\htdocs\UkomKasir\system\CodeIgniter.php(824): App\Controllers\Order->bayar()
#9 C:\xampp\htdocs\UkomKasir\system\CodeIgniter.php(410): CodeIgniter\CodeIgniter->runController(Object(App\Controllers\Order))
#10 C:\xampp\htdocs\UkomKasir\system\CodeIgniter.php(318): CodeIgniter\CodeIgniter->handleRequest(NULL, Object(Config\Cache), false)
#11 C:\xampp\htdocs\UkomKasir\public\index.php(37): CodeIgniter\CodeIgniter->run()
#12 C:\xampp\htdocs\UkomKasir\system\Commands\Server\rewrite.php(43): require_once('C:\\xampp\\htdocs...')
#13 {main}
CRITICAL - 2022-03-21 01:33:11 --> Return value of CodeIgniter\BaseModel::transformDataToArray() must be of the type array, string returned
#0 C:\xampp\htdocs\UkomKasir\system\BaseModel.php(832): CodeIgniter\BaseModel->transformDataToArray('Sudah Dibayar', 'update')
#1 C:\xampp\htdocs\UkomKasir\system\Model.php(646): CodeIgniter\BaseModel->update(Array, 'Sudah Dibayar')
#2 C:\xampp\htdocs\UkomKasir\app\Controllers\Order.php(135): CodeIgniter\Model->update('1', 'Sudah Dibayar')
#3 C:\xampp\htdocs\UkomKasir\system\CodeIgniter.php(824): App\Controllers\Order->bayar()
#4 C:\xampp\htdocs\UkomKasir\system\CodeIgniter.php(410): CodeIgniter\CodeIgniter->runController(Object(App\Controllers\Order))
#5 C:\xampp\htdocs\UkomKasir\system\CodeIgniter.php(318): CodeIgniter\CodeIgniter->handleRequest(NULL, Object(Config\Cache), false)
#6 C:\xampp\htdocs\UkomKasir\public\index.php(37): CodeIgniter\CodeIgniter->run()
#7 C:\xampp\htdocs\UkomKasir\system\Commands\Server\rewrite.php(43): require_once('C:\\xampp\\htdocs...')
#8 {main}
CRITICAL - 2022-03-21 01:39:12 --> There is no data to update.
#0 C:\xampp\htdocs\UkomKasir\system\BaseModel.php(1574): CodeIgniter\Database\Exceptions\DataException::forEmptyDataset('update')
#1 C:\xampp\htdocs\UkomKasir\system\BaseModel.php(832): CodeIgniter\BaseModel->transformDataToArray(NULL, 'update')
#2 C:\xampp\htdocs\UkomKasir\system\Model.php(646): CodeIgniter\BaseModel->update(Array, NULL)
#3 C:\xampp\htdocs\UkomKasir\app\Controllers\Order.php(137): CodeIgniter\Model->update(Array)
#4 C:\xampp\htdocs\UkomKasir\system\CodeIgniter.php(824): App\Controllers\Order->bayar()
#5 C:\xampp\htdocs\UkomKasir\system\CodeIgniter.php(410): CodeIgniter\CodeIgniter->runController(Object(App\Controllers\Order))
#6 C:\xampp\htdocs\UkomKasir\system\CodeIgniter.php(318): CodeIgniter\CodeIgniter->handleRequest(NULL, Object(Config\Cache), false)
#7 C:\xampp\htdocs\UkomKasir\public\index.php(37): CodeIgniter\CodeIgniter->run()
#8 C:\xampp\htdocs\UkomKasir\system\Commands\Server\rewrite.php(43): require_once('C:\\xampp\\htdocs...')
#9 {main}
CRITICAL - 2022-03-21 01:40:57 --> There is no data to update.
#0 C:\xampp\htdocs\UkomKasir\system\BaseModel.php(1574): CodeIgniter\Database\Exceptions\DataException::forEmptyDataset('update')
#1 C:\xampp\htdocs\UkomKasir\system\BaseModel.php(832): CodeIgniter\BaseModel->transformDataToArray(NULL, 'update')
#2 C:\xampp\htdocs\UkomKasir\system\Model.php(646): CodeIgniter\BaseModel->update(Array, NULL)
#3 C:\xampp\htdocs\UkomKasir\app\Controllers\Order.php(137): CodeIgniter\Model->update(Array)
#4 C:\xampp\htdocs\UkomKasir\system\CodeIgniter.php(824): App\Controllers\Order->bayar()
#5 C:\xampp\htdocs\UkomKasir\system\CodeIgniter.php(410): CodeIgniter\CodeIgniter->runController(Object(App\Controllers\Order))
#6 C:\xampp\htdocs\UkomKasir\system\CodeIgniter.php(318): CodeIgniter\CodeIgniter->handleRequest(NULL, Object(Config\Cache), false)
#7 C:\xampp\htdocs\UkomKasir\public\index.php(37): CodeIgniter\CodeIgniter->run()
#8 C:\xampp\htdocs\UkomKasir\system\Commands\Server\rewrite.php(43): require_once('C:\\xampp\\htdocs...')
#9 {main}
ERROR - 2022-03-21 02:03:25 --> Column 'id_order' cannot be null
CRITICAL - 2022-03-21 02:03:25 --> Column 'id_order' cannot be null
#0 C:\xampp\htdocs\UkomKasir\system\Database\MySQLi\Connection.php(292): mysqli->query('INSERT INTO `tb...', 0)
#1 C:\xampp\htdocs\UkomKasir\system\Database\BaseConnection.php(670): CodeIgniter\Database\MySQLi\Connection->execute('INSERT INTO `tb...')
#2 C:\xampp\htdocs\UkomKasir\system\Database\BaseConnection.php(598): CodeIgniter\Database\BaseConnection->simpleQuery('INSERT INTO `tb...')
#3 C:\xampp\htdocs\UkomKasir\system\Database\BaseBuilder.php(1759): CodeIgniter\Database\BaseConnection->query('INSERT INTO `tb...', Array, false)
#4 C:\xampp\htdocs\UkomKasir\system\Model.php(239): CodeIgniter\Database\BaseBuilder->insert()
#5 C:\xampp\htdocs\UkomKasir\system\BaseModel.php(738): CodeIgniter\Model->doInsert(Array)
#6 C:\xampp\htdocs\UkomKasir\system\Model.php(620): CodeIgniter\BaseModel->insert(Array, true)
#7 C:\xampp\htdocs\UkomKasir\app\Controllers\Order.php(114): CodeIgniter\Model->insert(Array)
#8 C:\xampp\htdocs\UkomKasir\system\CodeIgniter.php(824): App\Controllers\Order->detail()
#9 C:\xampp\htdocs\UkomKasir\system\CodeIgniter.php(410): CodeIgniter\CodeIgniter->runController(Object(App\Controllers\Order))
#10 C:\xampp\htdocs\UkomKasir\system\CodeIgniter.php(318): CodeIgniter\CodeIgniter->handleRequest(NULL, Object(Config\Cache), false)
#11 C:\xampp\htdocs\UkomKasir\public\index.php(37): CodeIgniter\CodeIgniter->run()
#12 C:\xampp\htdocs\UkomKasir\system\Commands\Server\rewrite.php(43): require_once('C:\\xampp\\htdocs...')
#13 {main}
